<?xml version="1.0" encoding="UTF-8"?>
<!-- Generated by org.testng.reporters.JUnitReportReporter -->
<testsuite hostname="Phaneeswar" name="FirstPackage.Log4j" tests="1" failures="0" timestamp="5 Feb 2016 19:05:34 GMT" time="14.701" errors="0">
  <testcase name="test1" time="14.701" classname="FirstPackage.Log4j"/>
</testsuite> <!-- FirstPackage.Log4j -->
